<?xml version="1.0" encoding="UTF-8"?>
<testng-results ignored="0" total="1" passed="1" failed="0" skipped="0">
  <reporter-output>
  </reporter-output>
  <suite started-at="2026-01-20T23:23:11 EST" name="Default suite" finished-at="2026-01-20T23:23:17 EST" duration-ms="6387">
    <groups>
    </groups>
    <test started-at="2026-01-20T23:23:11 EST" name="Default test" finished-at="2026-01-20T23:23:17 EST" duration-ms="6387">
      <class name="com.api.tests.ForgotPasswordTest">
        <test-method signature="forgotPasswordTest()[pri:0, instance:com.api.tests.ForgotPasswordTest@2a798d51]" started-at="2026-01-20T23:23:11 EST" name="forgotPasswordTest" description="Verify if the Login API is working" finished-at="2026-01-20T23:23:17 EST" duration-ms="6349" status="PASS">
          <reporter-output>
          </reporter-output>
        </test-method> <!-- forgotPasswordTest -->
      </class> <!-- com.api.tests.ForgotPasswordTest -->
    </test> <!-- Default test -->
  </suite> <!-- Default suite -->
</testng-results>
