<?xml version="1.0" encoding="UTF-8"?>
<testng-results ignored="0" total="1" passed="1" failed="0" skipped="0">
  <reporter-output>
  </reporter-output>
  <suite started-at="2025-12-03T19:46:29 EST" name="Default suite" finished-at="2025-12-03T19:46:31 EST" duration-ms="2287">
    <groups>
    </groups>
    <test started-at="2025-12-03T19:46:29 EST" name="Default test" finished-at="2025-12-03T19:46:31 EST" duration-ms="2287">
      <class name="com.api.tests.LoginAPITest3">
        <test-method signature="loginTest()[pri:0, instance:com.api.tests.LoginAPITest3@59309333]" started-at="2025-12-03T19:46:29 EST" name="loginTest" description="Verify if the Login API is working" finished-at="2025-12-03T19:46:31 EST" duration-ms="2237" status="PASS">
          <reporter-output>
          </reporter-output>
        </test-method> <!-- loginTest -->
      </class> <!-- com.api.tests.LoginAPITest3 -->
    </test> <!-- Default test -->
  </suite> <!-- Default suite -->
</testng-results>
